\BOOKMARK [1][-]{section.1}{Graph\040theory}{}% 1
\BOOKMARK [2][-]{subsection.1.1}{Bipartite\040matching}{section.1}% 2
\BOOKMARK [2][-]{subsection.1.2}{DFS}{section.1}% 3
\BOOKMARK [2][-]{subsection.1.3}{Maximum\040flow\040/\040minimum\040cut}{section.1}% 4
\BOOKMARK [2][-]{subsection.1.4}{Minimum\040spanning\040tree}{section.1}% 5
\BOOKMARK [2][-]{subsection.1.5}{Strongly\040connected\040components}{section.1}% 6
\BOOKMARK [2][-]{subsection.1.6}{Shortest\040path\040\(BFS,\040Dijkstra,\040Bellman-Ford,\040Floyd-Warshall\)}{section.1}% 7
\BOOKMARK [1][-]{section.2}{Number theory \(primes, factorize, binomial coeff, catalan, GCD…\)}{}% 8
\BOOKMARK [1][-]{section.3}{Set\040theory\040\(combinations,\040permutations\)}{}% 9
\BOOKMARK [1][-]{section.4}{Data\040structures}{}% 10
\BOOKMARK [2][-]{subsection.4.1}{Counting\040tree}{section.4}% 11
\BOOKMARK [2][-]{subsection.4.2}{Union\040find}{section.4}% 12
\BOOKMARK [1][-]{section.5}{Searching}{}% 13
\BOOKMARK [2][-]{subsection.5.1}{Pattern\040search\040\(KMP\)}{section.5}% 14
\BOOKMARK [2][-]{subsection.5.2}{Value\040search\040\(binary\040search,\040ternary\040search\)}{section.5}% 15
\BOOKMARK [1][-]{section.6}{Geomptry}{}% 16
\BOOKMARK [2][-]{subsection.6.1}{Convex\040hull}{section.6}% 17
\BOOKMARK [2][-]{subsection.6.2}{Geometry\0402D}{section.6}% 18
\BOOKMARK [2][-]{subsection.6.3}{Geometry\0403D}{section.6}% 19
\BOOKMARK [1][-]{section.7}{Miscellaneous}{}% 20
\BOOKMARK [2][-]{subsection.7.1}{2-SAT}{section.7}% 21
\BOOKMARK [2][-]{subsection.7.2}{Bit\040operations}{section.7}% 22
\BOOKMARK [2][-]{subsection.7.3}{Input}{section.7}% 23
\BOOKMARK [2][-]{subsection.7.4}{Tuple}{section.7}% 24
